<?xml version="1.0" encoding="utf-8"?>
<CoverageSession xmlns:xsd="http://www.w3.org/2001/XMLSchema" xmlns:xsi="http://www.w3.org/2001/XMLSchema-instance">
  <Summary numSequencePoints="14" visitedSequencePoints="13" numBranchPoints="5" visitedBranchPoints="3" sequenceCoverage="92.86" branchCoverage="60" maxCyclomaticComplexity="6" minCyclomaticComplexity="1" visitedClasses="2" numClasses="3" visitedMethods="2" numMethods="3" />
  <Modules>
    <Module hash="58-DE-FD-37-BF-C7-42-39-4D-08-07-FC-2A-D8-8D-5E-A2-96-86-A6">
      <Summary numSequencePoints="10" visitedSequencePoints="9" numBranchPoints="4" visitedBranchPoints="2" sequenceCoverage="90" branchCoverage="50" maxCyclomaticComplexity="6" minCyclomaticComplexity="0" visitedClasses="1" numClasses="2" visitedMethods="1" numMethods="2" />
      <ModulePath>D:\PullRequests\opencover-bug\OpenCover\OpenCover.Tests\bin\release\netcoreapp1.1\OpenCover.Tests.dll</ModulePath>
      <ModuleTime>2017-04-22T09:37:32.2541951Z</ModuleTime>
      <ModuleName>OpenCover.Tests</ModuleName>
      <Files>
        <File uid="1" fullPath="D:\PullRequests\opencover-bug\OpenCover\OpenCover.Tests\obj\Release\netcoreapp1.1\OpenCover.Tests.Program.cs" />
        <File uid="2" fullPath="D:\PullRequests\opencover-bug\OpenCover\OpenCover.Tests\StreamExtensionsTests.cs" />
      </Files>
      <Classes>
        <Class>
          <Summary numSequencePoints="1" visitedSequencePoints="0" numBranchPoints="1" visitedBranchPoints="0" sequenceCoverage="0" branchCoverage="0" maxCyclomaticComplexity="1" minCyclomaticComplexity="1" visitedClasses="0" numClasses="1" visitedMethods="0" numMethods="1" />
          <FullName>AutoGeneratedProgram</FullName>
          <Methods>
            <Method visited="false" cyclomaticComplexity="1" nPathComplexity="0" sequenceCoverage="0" branchCoverage="0" isConstructor="false" isStatic="true" isGetter="false" isSetter="false">
              <Summary numSequencePoints="1" visitedSequencePoints="0" numBranchPoints="1" visitedBranchPoints="0" sequenceCoverage="0" branchCoverage="0" maxCyclomaticComplexity="1" minCyclomaticComplexity="1" visitedClasses="0" numClasses="0" visitedMethods="0" numMethods="1" />
              <MetadataToken>100663297</MetadataToken>
              <Name>System.Void AutoGeneratedProgram::Main(System.String[])</Name>
              <FileRef uid="1" />
              <SequencePoints>
                <SequencePoint vc="0" uspid="1" ordinal="0" offset="0" sl="3" sc="61" el="3" ec="62" bec="0" bev="0" fileid="1" />
              </SequencePoints>
              <BranchPoints />
              <MethodPoint xsi:type="SequencePoint" vc="0" uspid="1" ordinal="0" offset="0" sl="3" sc="61" el="3" ec="62" bec="0" bev="0" fileid="1" />
            </Method>
            <Method visited="false" cyclomaticComplexity="1" nPathComplexity="0" sequenceCoverage="0" branchCoverage="0" isConstructor="true" isStatic="false" isGetter="false" isSetter="false">
              <Summary numSequencePoints="0" visitedSequencePoints="0" numBranchPoints="0" visitedBranchPoints="0" sequenceCoverage="0" branchCoverage="0" maxCyclomaticComplexity="1" minCyclomaticComplexity="1" visitedClasses="0" numClasses="0" visitedMethods="0" numMethods="0" />
              <MetadataToken>100663298</MetadataToken>
              <Name>System.Void AutoGeneratedProgram::.ctor()</Name>
              <SequencePoints />
              <BranchPoints />
              <MethodPoint vc="0" uspid="2" ordinal="0" offset="0" />
            </Method>
          </Methods>
        </Class>
        <Class>
          <Summary numSequencePoints="0" visitedSequencePoints="0" numBranchPoints="0" visitedBranchPoints="0" sequenceCoverage="0" branchCoverage="0" maxCyclomaticComplexity="1" minCyclomaticComplexity="1" visitedClasses="0" numClasses="0" visitedMethods="0" numMethods="0" />
          <FullName>OpenCover.Tests.StreamExtensionsTests</FullName>
          <Methods>
            <Method visited="true" cyclomaticComplexity="1" nPathComplexity="0" sequenceCoverage="0" branchCoverage="0" isConstructor="false" isStatic="false" isGetter="false" isSetter="false">
              <Summary numSequencePoints="0" visitedSequencePoints="0" numBranchPoints="0" visitedBranchPoints="0" sequenceCoverage="0" branchCoverage="0" maxCyclomaticComplexity="1" minCyclomaticComplexity="1" visitedClasses="0" numClasses="0" visitedMethods="0" numMethods="0" />
              <MetadataToken>100663299</MetadataToken>
              <Name>System.Threading.Tasks.Task OpenCover.Tests.StreamExtensionsTests::TestToArrayAsync()</Name>
              <SequencePoints />
              <BranchPoints />
              <MethodPoint vc="1" uspid="3" ordinal="0" offset="0" />
            </Method>
            <Method visited="true" cyclomaticComplexity="1" nPathComplexity="0" sequenceCoverage="0" branchCoverage="0" isConstructor="true" isStatic="false" isGetter="false" isSetter="false">
              <Summary numSequencePoints="0" visitedSequencePoints="0" numBranchPoints="0" visitedBranchPoints="0" sequenceCoverage="0" branchCoverage="0" maxCyclomaticComplexity="1" minCyclomaticComplexity="1" visitedClasses="0" numClasses="0" visitedMethods="0" numMethods="0" />
              <MetadataToken>100663300</MetadataToken>
              <Name>System.Void OpenCover.Tests.StreamExtensionsTests::.ctor()</Name>
              <SequencePoints />
              <BranchPoints />
              <MethodPoint vc="1" uspid="4" ordinal="0" offset="0" />
            </Method>
          </Methods>
        </Class>
        <Class>
          <Summary numSequencePoints="9" visitedSequencePoints="9" numBranchPoints="3" visitedBranchPoints="2" sequenceCoverage="100" branchCoverage="66.67" maxCyclomaticComplexity="6" minCyclomaticComplexity="1" visitedClasses="1" numClasses="1" visitedMethods="1" numMethods="1" />
          <FullName>OpenCover.Tests.StreamExtensionsTests/&lt;TestToArrayAsync&gt;d__0</FullName>
          <Methods>
            <Method visited="true" cyclomaticComplexity="6" nPathComplexity="2" sequenceCoverage="100" branchCoverage="66.67" isConstructor="false" isStatic="false" isGetter="false" isSetter="false">
              <Summary numSequencePoints="9" visitedSequencePoints="9" numBranchPoints="3" visitedBranchPoints="2" sequenceCoverage="100" branchCoverage="66.67" maxCyclomaticComplexity="6" minCyclomaticComplexity="6" visitedClasses="0" numClasses="0" visitedMethods="1" numMethods="1" />
              <MetadataToken>100663301</MetadataToken>
              <Name>System.Void OpenCover.Tests.StreamExtensionsTests/&lt;TestToArrayAsync&gt;d__0::MoveNext()</Name>
              <FileRef uid="2" />
              <SequencePoints>
                <SequencePoint vc="1" uspid="5" ordinal="0" offset="10" sl="13" sc="20" el="13" ec="63" bec="2" bev="1" fileid="2" />
                <SequencePoint vc="1" uspid="6" ordinal="1" offset="25" sl="15" sc="17" el="15" ec="62" bec="0" bev="0" fileid="2" />
                <SequencePoint vc="1" uspid="7" ordinal="2" offset="43" sl="17" sc="17" el="17" ec="55" bec="0" bev="0" fileid="2" />
                <SequencePoint vc="1" uspid="8" ordinal="3" offset="59" sl="18" sc="17" el="18" ec="40" bec="0" bev="0" fileid="2" />
                <SequencePoint vc="1" uspid="9" ordinal="4" offset="72" sl="20" sc="17" el="20" ec="63" bec="0" bev="0" fileid="2" />
                <SequencePoint vc="1" uspid="10" ordinal="5" offset="186" sl="22" sc="17" el="22" ec="41" bec="0" bev="0" fileid="2" />
                <SequencePoint vc="1" uspid="11" ordinal="6" offset="192" sl="23" sc="17" el="23" ec="50" bec="0" bev="0" fileid="2" />
                <SequencePoint vc="1" uspid="12" ordinal="7" offset="201" sl="24" sc="13" el="24" ec="14" bec="0" bev="0" fileid="2" />
                <SequencePoint vc="1" uspid="13" ordinal="8" offset="261" sl="25" sc="9" el="25" ec="10" bec="0" bev="0" fileid="2" />
              </SequencePoints>
              <BranchPoints>
                <BranchPoint vc="1" uspid="14" ordinal="0" offset="23" sl="13" path="0" offsetend="25" fileid="2" />
                <BranchPoint vc="0" uspid="15" ordinal="1" offset="23" sl="13" path="1" offsetend="135" fileid="2" />
              </BranchPoints>
              <MethodPoint vc="1" uspid="18" ordinal="0" offset="0" />
            </Method>
            <Method visited="false" cyclomaticComplexity="1" nPathComplexity="0" sequenceCoverage="0" branchCoverage="0" isConstructor="false" isStatic="false" isGetter="false" isSetter="false">
              <Summary numSequencePoints="0" visitedSequencePoints="0" numBranchPoints="0" visitedBranchPoints="0" sequenceCoverage="0" branchCoverage="0" maxCyclomaticComplexity="1" minCyclomaticComplexity="1" visitedClasses="0" numClasses="0" visitedMethods="0" numMethods="0" />
              <MetadataToken>100663302</MetadataToken>
              <Name>System.Void OpenCover.Tests.StreamExtensionsTests/&lt;TestToArrayAsync&gt;d__0::SetStateMachine(System.Runtime.CompilerServices.IAsyncStateMachine)</Name>
              <SequencePoints />
              <BranchPoints />
              <MethodPoint vc="0" uspid="19" ordinal="0" offset="0" />
            </Method>
          </Methods>
        </Class>
      </Classes>
    </Module>
    <Module hash="45-D3-F6-81-FB-2A-B8-B4-46-C7-CB-5B-07-71-6B-25-6E-B3-8C-47">
      <Summary numSequencePoints="4" visitedSequencePoints="4" numBranchPoints="1" visitedBranchPoints="1" sequenceCoverage="100" branchCoverage="100" maxCyclomaticComplexity="3" minCyclomaticComplexity="1" visitedClasses="1" numClasses="1" visitedMethods="1" numMethods="1" />
      <ModulePath>D:\PullRequests\opencover-bug\OpenCover\OpenCover.Tests\bin\release\netcoreapp1.1\OpenCover.dll</ModulePath>
      <ModuleTime>2017-04-22T09:26:58.2024903Z</ModuleTime>
      <ModuleName>OpenCover</ModuleName>
      <Files>
        <File uid="5" fullPath="D:\PullRequests\opencover-bug\OpenCover\OpenCover\StreamExtensions.cs" />
      </Files>
      <Classes>
        <Class>
          <Summary numSequencePoints="0" visitedSequencePoints="0" numBranchPoints="0" visitedBranchPoints="0" sequenceCoverage="0" branchCoverage="0" maxCyclomaticComplexity="1" minCyclomaticComplexity="1" visitedClasses="0" numClasses="0" visitedMethods="0" numMethods="0" />
          <FullName>OpenCover.StreamExtensions</FullName>
          <Methods>
            <Method visited="true" cyclomaticComplexity="1" nPathComplexity="0" sequenceCoverage="0" branchCoverage="0" isConstructor="false" isStatic="true" isGetter="false" isSetter="false">
              <Summary numSequencePoints="0" visitedSequencePoints="0" numBranchPoints="0" visitedBranchPoints="0" sequenceCoverage="0" branchCoverage="0" maxCyclomaticComplexity="1" minCyclomaticComplexity="1" visitedClasses="0" numClasses="0" visitedMethods="0" numMethods="0" />
              <MetadataToken>100663297</MetadataToken>
              <Name>System.Threading.Tasks.Task`1&lt;System.Byte[]&gt; OpenCover.StreamExtensions::ToArrayAsync(System.IO.Stream)</Name>
              <SequencePoints />
              <BranchPoints />
              <MethodPoint vc="1" uspid="20" ordinal="0" offset="0" />
            </Method>
          </Methods>
        </Class>
        <Class>
          <Summary numSequencePoints="4" visitedSequencePoints="4" numBranchPoints="1" visitedBranchPoints="1" sequenceCoverage="100" branchCoverage="100" maxCyclomaticComplexity="3" minCyclomaticComplexity="1" visitedClasses="1" numClasses="1" visitedMethods="1" numMethods="1" />
          <FullName>OpenCover.StreamExtensions/&lt;ToArrayAsync&gt;d__0</FullName>
          <Methods>
            <Method visited="true" cyclomaticComplexity="3" nPathComplexity="0" sequenceCoverage="100" branchCoverage="100" isConstructor="false" isStatic="false" isGetter="false" isSetter="false">
              <Summary numSequencePoints="4" visitedSequencePoints="4" numBranchPoints="1" visitedBranchPoints="1" sequenceCoverage="100" branchCoverage="100" maxCyclomaticComplexity="3" minCyclomaticComplexity="3" visitedClasses="0" numClasses="0" visitedMethods="1" numMethods="1" />
              <MetadataToken>100663298</MetadataToken>
              <Name>System.Void OpenCover.StreamExtensions/&lt;ToArrayAsync&gt;d__0::MoveNext()</Name>
              <FileRef uid="5" />
              <SequencePoints>
                <SequencePoint vc="1" uspid="21" ordinal="0" offset="10" sl="10" sc="13" el="10" ec="51" bec="0" bev="0" fileid="5" />
                <SequencePoint vc="1" uspid="22" ordinal="1" offset="33" sl="11" sc="13" el="11" ec="60" bec="0" bev="0" fileid="5" />
                <SequencePoint vc="1" uspid="23" ordinal="2" offset="150" sl="13" sc="13" el="13" ec="27" bec="0" bev="0" fileid="5" />
                <SequencePoint vc="1" uspid="24" ordinal="3" offset="182" sl="14" sc="9" el="14" ec="10" bec="0" bev="0" fileid="5" />
              </SequencePoints>
              <BranchPoints />
              <MethodPoint vc="1" uspid="27" ordinal="0" offset="0" />
            </Method>
            <Method visited="false" cyclomaticComplexity="1" nPathComplexity="0" sequenceCoverage="0" branchCoverage="0" isConstructor="false" isStatic="false" isGetter="false" isSetter="false">
              <Summary numSequencePoints="0" visitedSequencePoints="0" numBranchPoints="0" visitedBranchPoints="0" sequenceCoverage="0" branchCoverage="0" maxCyclomaticComplexity="1" minCyclomaticComplexity="1" visitedClasses="0" numClasses="0" visitedMethods="0" numMethods="0" />
              <MetadataToken>100663299</MetadataToken>
              <Name>System.Void OpenCover.StreamExtensions/&lt;ToArrayAsync&gt;d__0::SetStateMachine(System.Runtime.CompilerServices.IAsyncStateMachine)</Name>
              <SequencePoints />
              <BranchPoints />
              <MethodPoint vc="0" uspid="28" ordinal="0" offset="0" />
            </Method>
          </Methods>
        </Class>
      </Classes>
    </Module>
  </Modules>
</CoverageSession>